  compiled module: 0x10bcfb6f0
  compiled module: 0x10bd121b0
  compiled module: 0x10bd56230
  compiled module: 0x10bde47f0
  compiled module: 0x10be07780
ECHO: "PMount/"
ECHO: "Azimuth/"
ECHO: 0
ECHO: "AluExtBR_20x40_150: Aluminium Extrusion BR_20x40 150mm"
ECHO: 0
ECHO: "AluExtBR_20x40_150: Aluminium Extrusion BR_20x40 150mm"
ECHO: "WA1002122: Washer M10 x 21mm x 2.2mm"
ECHO: "CS10025: M10 cap screw x 25mm"
ECHO: "/Azimuth"
ECHO: "PArm/"
ECHO: "WA4098: Washer M4 x 9mm x 0.8mm"
ECHO: "CS0408: M4 cap screw x 8mm"
ECHO: "AluExtTwistNut: Aluminium Extrusion Twist Nut"
ECHO: "WA4098: Washer M4 x 9mm x 0.8mm"
ECHO: "CS0408: M4 cap screw x 8mm"
ECHO: "AluExtTwistNut: Aluminium Extrusion Twist Nut"
ECHO: "WA4098: Washer M4 x 9mm x 0.8mm"
ECHO: "CS0408: M4 cap screw x 8mm"
ECHO: "AluExtTwistNut: Aluminium Extrusion Twist Nut"
ECHO: "WA4098: Washer M4 x 9mm x 0.8mm"
ECHO: "CS0408: M4 cap screw x 8mm"
ECHO: "AluExtTwistNut: Aluminium Extrusion Twist Nut"
ECHO: "WA4098: Washer M4 x 9mm x 0.8mm"
ECHO: "CS0408: M4 cap screw x 8mm"
ECHO: "AluExtTwistNut: Aluminium Extrusion Twist Nut"
ECHO: "WA4098: Washer M4 x 9mm x 0.8mm"
ECHO: "CS0408: M4 cap screw x 8mm"
ECHO: "AluExtTwistNut: Aluminium Extrusion Twist Nut"
ECHO: 90
ECHO: "AluExtBR_20x40_740: Aluminium Extrusion BR_20x40 740mm"
ECHO: "WA4098: Washer M4 x 9mm x 0.8mm"
ECHO: "CS0408: M4 cap screw x 8mm"
ECHO: "AluExtTwistNut: Aluminium Extrusion Twist Nut"
ECHO: "WA4098: Washer M4 x 9mm x 0.8mm"
ECHO: "CS0408: M4 cap screw x 8mm"
ECHO: "AluExtTwistNut: Aluminium Extrusion Twist Nut"
ECHO: "CArm/"
ECHO: 90
ECHO: "AluExtBR_20x20_700: Aluminium Extrusion BR_20x20 700mm"
ECHO: "WA4098: Washer M4 x 9mm x 0.8mm"
ECHO: "CS0408: M4 cap screw x 8mm"
ECHO: "AluExtTwistNut: Aluminium Extrusion Twist Nut"
ECHO: "WA4098: Washer M4 x 9mm x 0.8mm"
ECHO: "CS0408: M4 cap screw x 8mm"
ECHO: "AluExtTwistNut: Aluminium Extrusion Twist Nut"
ECHO: "WA4098: Washer M4 x 9mm x 0.8mm"
ECHO: "CS0408: M4 cap screw x 8mm"
ECHO: "AluExtTwistNut: Aluminium Extrusion Twist Nut"
ECHO: "WA4098: Washer M4 x 9mm x 0.8mm"
ECHO: "CS0408: M4 cap screw x 8mm"
ECHO: "AluExtTwistNut: Aluminium Extrusion Twist Nut"
WARNING: Ignoring unknown variable 'showWeights'.
ECHO: "/CArm"
ECHO: "WA4098: Washer M4 x 9mm x 0.8mm"
ECHO: "CS04012: M4 cap screw x 12mm"
ECHO: "AluExtTwistNut: Aluminium Extrusion Twist Nut"
ECHO: "WA4098: Washer M4 x 9mm x 0.8mm"
ECHO: "CS04012: M4 cap screw x 12mm"
ECHO: "AluExtTwistNut: Aluminium Extrusion Twist Nut"
ECHO: "WA4098: Washer M4 x 9mm x 0.8mm"
ECHO: "CS04012: M4 cap screw x 12mm"
ECHO: "AluExtTwistNut: Aluminium Extrusion Twist Nut"
ECHO: "WA4098: Washer M4 x 9mm x 0.8mm"
ECHO: "CS04012: M4 cap screw x 12mm"
ECHO: "AluExtTwistNut: Aluminium Extrusion Twist Nut"
ECHO: "CS05050: M5 cap screw x 50mm"
ECHO: "WA501010: Washer M5 x 10mm x 1mm"
ECHO: "NYLOCM5: Nyloc nut M5"
ECHO: 180
ECHO: "AluExtBR_20x20_100: Aluminium Extrusion BR_20x20 100mm"
ECHO: "WA4098: Washer M4 x 9mm x 0.8mm"
ECHO: "CS0408: M4 cap screw x 8mm"
ECHO: "AluExtTwistNut: Aluminium Extrusion Twist Nut"
ECHO: "WA4098: Washer M4 x 9mm x 0.8mm"
ECHO: "CS0408: M4 cap screw x 8mm"
ECHO: "AluExtTwistNut: Aluminium Extrusion Twist Nut"
ECHO: "WA4098: Washer M4 x 9mm x 0.8mm"
ECHO: "CS0408: M4 cap screw x 8mm"
ECHO: "AluExtTwistNut: Aluminium Extrusion Twist Nut"
ECHO: "WA4098: Washer M4 x 9mm x 0.8mm"
ECHO: "CS0408: M4 cap screw x 8mm"
ECHO: "AluExtTwistNut: Aluminium Extrusion Twist Nut"
ECHO: "CS05040: M5 cap screw x 40mm"
ECHO: "WA501010: Washer M5 x 10mm x 1mm"
ECHO: "NYLOCM5: Nyloc nut M5"
ECHO: "WA4098: Washer M4 x 9mm x 0.8mm"
ECHO: "CS0408: M4 cap screw x 8mm"
ECHO: "AluExtTwistNut: Aluminium Extrusion Twist Nut"
ECHO: "WA4098: Washer M4 x 9mm x 0.8mm"
ECHO: "CS0408: M4 cap screw x 8mm"
ECHO: "AluExtTwistNut: Aluminium Extrusion Twist Nut"
ECHO: "WA4098: Washer M4 x 9mm x 0.8mm"
ECHO: "CS0408: M4 cap screw x 8mm"
ECHO: "AluExtTwistNut: Aluminium Extrusion Twist Nut"
ECHO: "WA4098: Washer M4 x 9mm x 0.8mm"
ECHO: "CS0408: M4 cap screw x 8mm"
ECHO: "AluExtTwistNut: Aluminium Extrusion Twist Nut"
ECHO: "CS05040: M5 cap screw x 40mm"
ECHO: "WA501010: Washer M5 x 10mm x 1mm"
ECHO: "NYLOCM5: Nyloc nut M5"
ECHO: "WA4098: Washer M4 x 9mm x 0.8mm"
ECHO: "CS0408: M4 cap screw x 8mm"
ECHO: "AluExtTwistNut: Aluminium Extrusion Twist Nut"
ECHO: "WA4098: Washer M4 x 9mm x 0.8mm"
ECHO: "CS0408: M4 cap screw x 8mm"
ECHO: "AluExtTwistNut: Aluminium Extrusion Twist Nut"
ECHO: "WA4098: Washer M4 x 9mm x 0.8mm"
ECHO: "CS0408: M4 cap screw x 8mm"
ECHO: "AluExtTwistNut: Aluminium Extrusion Twist Nut"
ECHO: "Wrist/"
ECHO: 0
ECHO: "AluExtBR_20x20_100: Aluminium Extrusion BR_20x20 100mm"
ECHO: "WA4098: Washer M4 x 9mm x 0.8mm"
ECHO: "CS0408: M4 cap screw x 8mm"
ECHO: "AluExtTwistNut: Aluminium Extrusion Twist Nut"
ECHO: "WA4098: Washer M4 x 9mm x 0.8mm"
ECHO: "CS0408: M4 cap screw x 8mm"
ECHO: "AluExtTwistNut: Aluminium Extrusion Twist Nut"
ECHO: "WA4098: Washer M4 x 9mm x 0.8mm"
ECHO: "CS0408: M4 cap screw x 8mm"
ECHO: "AluExtTwistNut: Aluminium Extrusion Twist Nut"
ECHO: "Hand/"
ECHO: 0
ECHO: "AluExtBR_20x20_100: Aluminium Extrusion BR_20x20 100mm"
ECHO: "WA4098: Washer M4 x 9mm x 0.8mm"
ECHO: "CS0408: M4 cap screw x 8mm"
ECHO: "AluExtTwistNut: Aluminium Extrusion Twist Nut"
ECHO: "WA4098: Washer M4 x 9mm x 0.8mm"
ECHO: "CS0408: M4 cap screw x 8mm"
ECHO: "AluExtTwistNut: Aluminium Extrusion Twist Nut"
ECHO: "Finger/"
ECHO: 90
ECHO: "AluExtBR_20x20_150: Aluminium Extrusion BR_20x20 150mm"
ECHO: 0
ECHO: "AluExtBR_20x20_60: Aluminium Extrusion BR_20x20 60mm"
ECHO: "BR20x20Gusset: BR20x20Gusset"
WARNING: Ignoring unknown function 'plastic_part_color'.
ECHO: "CS0408: M4 cap screw x 8mm"
ECHO: "AluExtTwistNut: Aluminium Extrusion Twist Nut"
ECHO: "CS0408: M4 cap screw x 8mm"
ECHO: "AluExtTwistNut: Aluminium Extrusion Twist Nut"
WARNING: Ignoring unknown variable 'showBinos'.
ECHO: "WA4098: Washer M4 x 9mm x 0.8mm"
ECHO: "CS0408: M4 cap screw x 8mm"
ECHO: "AluExtTwistNut: Aluminium Extrusion Twist Nut"
ECHO: "WA4098: Washer M4 x 9mm x 0.8mm"
ECHO: "CS0408: M4 cap screw x 8mm"
ECHO: "AluExtTwistNut: Aluminium Extrusion Twist Nut"
ECHO: "WA4098: Washer M4 x 9mm x 0.8mm"
ECHO: "CS0408: M4 cap screw x 8mm"
ECHO: "AluExtTwistNut: Aluminium Extrusion Twist Nut"
ECHO: "WA4098: Washer M4 x 9mm x 0.8mm"
ECHO: "CS0408: M4 cap screw x 8mm"
ECHO: "AluExtTwistNut: Aluminium Extrusion Twist Nut"
ECHO: "/Finger"
ECHO: "WA4098: Washer M4 x 9mm x 0.8mm"
ECHO: "CS0408: M4 cap screw x 8mm"
ECHO: "AluExtTwistNut: Aluminium Extrusion Twist Nut"
ECHO: "WA4098: Washer M4 x 9mm x 0.8mm"
ECHO: "CS0408: M4 cap screw x 8mm"
ECHO: "AluExtTwistNut: Aluminium Extrusion Twist Nut"
ECHO: "CS05035: M5 cap screw x 35mm"
ECHO: "WA501010: Washer M5 x 10mm x 1mm"
ECHO: "NYLOCM5: Nyloc nut M5"
ECHO: "/Hand"
ECHO: "WA4098: Washer M4 x 9mm x 0.8mm"
ECHO: "CS0408: M4 cap screw x 8mm"
ECHO: "AluExtTwistNut: Aluminium Extrusion Twist Nut"
ECHO: "WA4098: Washer M4 x 9mm x 0.8mm"
ECHO: "CS0408: M4 cap screw x 8mm"
ECHO: "AluExtTwistNut: Aluminium Extrusion Twist Nut"
ECHO: "CS05050: M5 cap screw x 50mm"
ECHO: "WA501010: Washer M5 x 10mm x 1mm"
ECHO: "NYLOCM5: Nyloc nut M5"
ECHO: "/Wrist"
ECHO: "CS050110: M5 cap screw x 110mm"
ECHO: "WA501010: Washer M5 x 10mm x 1mm"
ECHO: "NYLOCM5: Nyloc nut M5"
ECHO: "CS05080: M5 cap screw x 80mm"
ECHO: "WA501010: Washer M5 x 10mm x 1mm"
ECHO: "NYLOCM5: Nyloc nut M5"
ECHO: "WA4098: Washer M4 x 9mm x 0.8mm"
ECHO: "CS0408: M4 cap screw x 8mm"
ECHO: "AluExtTwistNut: Aluminium Extrusion Twist Nut"
ECHO: "WA4098: Washer M4 x 9mm x 0.8mm"
ECHO: "CS0408: M4 cap screw x 8mm"
ECHO: "AluExtTwistNut: Aluminium Extrusion Twist Nut"
ECHO: "WA4098: Washer M4 x 9mm x 0.8mm"
ECHO: "CS0408: M4 cap screw x 8mm"
ECHO: "AluExtTwistNut: Aluminium Extrusion Twist Nut"
ECHO: "WA4098: Washer M4 x 9mm x 0.8mm"
ECHO: "CS0408: M4 cap screw x 8mm"
ECHO: "AluExtTwistNut: Aluminium Extrusion Twist Nut"
ECHO: 90
ECHO: "AluExtBR_20x20_600: Aluminium Extrusion BR_20x20 600mm"
ECHO: "WA4098: Washer M4 x 9mm x 0.8mm"
ECHO: "CS0408: M4 cap screw x 8mm"
ECHO: "AluExtTwistNut: Aluminium Extrusion Twist Nut"
ECHO: "WA4098: Washer M4 x 9mm x 0.8mm"
ECHO: "CS0408: M4 cap screw x 8mm"
ECHO: "AluExtTwistNut: Aluminium Extrusion Twist Nut"
ECHO: "WA4098: Washer M4 x 9mm x 0.8mm"
ECHO: "CS0408: M4 cap screw x 8mm"
ECHO: "AluExtTwistNut: Aluminium Extrusion Twist Nut"
ECHO: "WA4098: Washer M4 x 9mm x 0.8mm"
ECHO: "CS0408: M4 cap screw x 8mm"
ECHO: "AluExtTwistNut: Aluminium Extrusion Twist Nut"
ECHO: "CS05070: M5 cap screw x 70mm"
ECHO: "WA501010: Washer M5 x 10mm x 1mm"
ECHO: "NYLOCM5: Nyloc nut M5"
ECHO: "/PArm"
ECHO: "/PMount"
